{"numFailedTestSuites":1,"numFailedTests":3,"numPassedTestSuites":0,"numPassedTests":0,"numPendingTestSuites":0,"numPendingTests":0,"numRuntimeErrorTestSuites":0,"numTodoTests":0,"numTotalTestSuites":1,"numTotalTests":3,"openHandles":[],"snapshot":{"added":0,"didUpdate":false,"failure":false,"filesAdded":0,"filesRemoved":0,"filesRemovedList":[],"filesUnmatched":0,"filesUpdated":0,"matched":0,"total":0,"unchecked":0,"uncheckedKeysByFile":[],"unmatched":0,"updated":0},"startTime":1754747231174,"success":false,"testResults":[{"assertionResults":[{"ancestorTitles":["blog/[slug] metadata and JSON-LD"],"duration":12,"failureDetails":[{"matcherResult":{"actual":"記事が見つかりません","expected":"SEO Title","message":"\u001b[2mexpect(\u001b[22m\u001b[31mreceived\u001b[39m\u001b[2m).\u001b[22mtoBe\u001b[2m(\u001b[22m\u001b[32mexpected\u001b[39m\u001b[2m) // Object.is equality\u001b[22m\n\nExpected: \u001b[32m\"SEO Title\"\u001b[39m\nReceived: \u001b[31m\"記事が見つかりません\"\u001b[39m","name":"toBe","pass":false}}],"failureMessages":["Error: \u001b[2mexpect(\u001b[22m\u001b[31mreceived\u001b[39m\u001b[2m).\u001b[22mtoBe\u001b[2m(\u001b[22m\u001b[32mexpected\u001b[39m\u001b[2m) // Object.is equality\u001b[22m\n\nExpected: \u001b[32m\"SEO Title\"\u001b[39m\nReceived: \u001b[31m\"記事が見つかりません\"\u001b[39m\n    at C:\\projects\\windsurf\\blog\\__tests__\\BlogSlug.metadata.test.tsx:85:22\n    at step (C:\\projects\\windsurf\\blog\\__tests__\\BlogSlug.metadata.test.tsx:67:23)\n    at Object.next (C:\\projects\\windsurf\\blog\\__tests__\\BlogSlug.metadata.test.tsx:48:53)\n    at fulfilled (C:\\projects\\windsurf\\blog\\__tests__\\BlogSlug.metadata.test.tsx:39:58)"],"fullName":"blog/[slug] metadata and JSON-LD generateMetadata returns canonical and OG/Twitter images from featuredImage","invocations":1,"location":null,"numPassingAsserts":0,"retryReasons":[],"status":"failed","title":"generateMetadata returns canonical and OG/Twitter images from featuredImage"},{"ancestorTitles":["blog/[slug] metadata and JSON-LD"],"duration":3,"failureDetails":[{"matcherResult":{"message":"\u001b[2mexpect(\u001b[22m\u001b[31mreceived\u001b[39m\u001b[2m).\u001b[22mtoContain\u001b[2m(\u001b[22m\u001b[32mexpected\u001b[39m\u001b[2m) // indexOf\u001b[22m\n\nExpected value: \u001b[32m\"https://example.com/og-default.png\"\u001b[39m\nReceived array: \u001b[31m[]\u001b[39m","pass":false}}],"failureMessages":["Error: \u001b[2mexpect(\u001b[22m\u001b[31mreceived\u001b[39m\u001b[2m).\u001b[22mtoContain\u001b[2m(\u001b[22m\u001b[32mexpected\u001b[39m\u001b[2m) // indexOf\u001b[22m\n\nExpected value: \u001b[32m\"https://example.com/og-default.png\"\u001b[39m\nReceived array: \u001b[31m[]\u001b[39m\n    at C:\\projects\\windsurf\\blog\\__tests__\\BlogSlug.metadata.test.tsx:122:47\n    at step (C:\\projects\\windsurf\\blog\\__tests__\\BlogSlug.metadata.test.tsx:67:23)\n    at Object.next (C:\\projects\\windsurf\\blog\\__tests__\\BlogSlug.metadata.test.tsx:48:53)\n    at fulfilled (C:\\projects\\windsurf\\blog\\__tests__\\BlogSlug.metadata.test.tsx:39:58)"],"fullName":"blog/[slug] metadata and JSON-LD generateMetadata uses default OG image when featuredImage is missing and env is set","invocations":1,"location":null,"numPassingAsserts":0,"retryReasons":[],"status":"failed","title":"generateMetadata uses default OG image when featuredImage is missing and env is set"},{"ancestorTitles":["blog/[slug] metadata and JSON-LD"],"duration":16,"failureDetails":[{"message":"\u001b[2mexpect(\u001b[22m\u001b[31mreceived\u001b[39m\u001b[2m).toBeInTheDocument()\u001b[22m\n\n\u001b[31mreceived\u001b[39m value must be an HTMLElement or an SVGElement.\nReceived has value: \u001b[31mnull\u001b[39m"}],"failureMessages":["Error: \u001b[2mexpect(\u001b[22m\u001b[31mreceived\u001b[39m\u001b[2m).toBeInTheDocument()\u001b[22m\n\n\u001b[31mreceived\u001b[39m value must be an HTMLElement or an SVGElement.\nReceived has value: \u001b[31mnull\u001b[39m\n    at __EXTERNAL_MATCHER_TRAP__ (C:\\projects\\windsurf\\blog\\node_modules\\expect\\build\\index.js:325:30)\n    at Object.throwingMatcher [as toBeInTheDocument] (C:\\projects\\windsurf\\blog\\node_modules\\expect\\build\\index.js:326:15)\n    at C:\\projects\\windsurf\\blog\\__tests__\\BlogSlug.metadata.test.tsx:155:20\n    at step (C:\\projects\\windsurf\\blog\\__tests__\\BlogSlug.metadata.test.tsx:67:23)\n    at Object.next (C:\\projects\\windsurf\\blog\\__tests__\\BlogSlug.metadata.test.tsx:48:53)\n    at fulfilled (C:\\projects\\windsurf\\blog\\__tests__\\BlogSlug.metadata.test.tsx:39:58)"],"fullName":"blog/[slug] metadata and JSON-LD PostPage renders JSON-LD script","invocations":1,"location":null,"numPassingAsserts":0,"retryReasons":[],"status":"failed","title":"PostPage renders JSON-LD script"}],"endTime":1754747232549,"message":"\u001b[1m\u001b[31m  \u001b[1m● \u001b[22m\u001b[1mblog/[slug] metadata and JSON-LD › generateMetadata returns canonical and OG/Twitter images from featuredImage\u001b[39m\u001b[22m\n\n    \u001b[2mexpect(\u001b[22m\u001b[31mreceived\u001b[39m\u001b[2m).\u001b[22mtoBe\u001b[2m(\u001b[22m\u001b[32mexpected\u001b[39m\u001b[2m) // Object.is equality\u001b[22m\n\n    Expected: \u001b[32m\"SEO Title\"\u001b[39m\n    Received: \u001b[31m\"記事が見つかりません\"\u001b[39m\n\u001b[2m\u001b[22m\n\u001b[2m    \u001b[0m \u001b[90m 83 |\u001b[39m     \u001b[36mconst\u001b[39m md \u001b[33m=\u001b[39m \u001b[36mawait\u001b[39m mod\u001b[33m.\u001b[39mgenerateMetadata({ params\u001b[33m:\u001b[39m { slug\u001b[33m:\u001b[39m post\u001b[33m.\u001b[39mslug } })\u001b[33m;\u001b[39m\u001b[22m\n\u001b[2m     \u001b[90m 84 |\u001b[39m\u001b[22m\n\u001b[2m    \u001b[31m\u001b[1m>\u001b[22m\u001b[2m\u001b[39m\u001b[90m 85 |\u001b[39m     expect(md\u001b[33m.\u001b[39mtitle)\u001b[33m.\u001b[39mtoBe(\u001b[32m'SEO Title'\u001b[39m)\u001b[33m;\u001b[39m\u001b[22m\n\u001b[2m     \u001b[90m    |\u001b[39m                      \u001b[31m\u001b[1m^\u001b[22m\u001b[2m\u001b[39m\u001b[22m\n\u001b[2m     \u001b[90m 86 |\u001b[39m     expect(md\u001b[33m.\u001b[39mdescription)\u001b[33m.\u001b[39mtoBe(\u001b[32m'SEO Description'\u001b[39m)\u001b[33m;\u001b[39m\u001b[22m\n\u001b[2m     \u001b[90m 87 |\u001b[39m     expect(md\u001b[33m.\u001b[39malternates\u001b[33m?\u001b[39m\u001b[33m.\u001b[39mcanonical)\u001b[33m.\u001b[39mtoBe(\u001b[32m'https://example.com/blog/hello-world'\u001b[39m)\u001b[33m;\u001b[39m\u001b[22m\n\u001b[2m     \u001b[90m 88 |\u001b[39m     expect(md\u001b[33m.\u001b[39mopenGraph\u001b[33m?\u001b[39m\u001b[33m.\u001b[39murl)\u001b[33m.\u001b[39mtoBe(\u001b[32m'https://example.com/blog/hello-world'\u001b[39m)\u001b[33m;\u001b[39m\u001b[0m\u001b[22m\n\u001b[2m\u001b[22m\n\u001b[2m      \u001b[2mat \u001b[22m\u001b[2m\u001b[0m\u001b[36m__tests__/BlogSlug.metadata.test.tsx\u001b[39m\u001b[0m\u001b[2m:85:22\u001b[22m\u001b[2m\u001b[22m\n\u001b[2m      \u001b[2mat step (\u001b[22m\u001b[2m\u001b[0m\u001b[36m__tests__/BlogSlug.metadata.test.tsx\u001b[39m\u001b[0m\u001b[2m:67:23)\u001b[22m\u001b[2m\u001b[22m\n\u001b[2m      \u001b[2mat Object.next (\u001b[22m\u001b[2m\u001b[0m\u001b[36m__tests__/BlogSlug.metadata.test.tsx\u001b[39m\u001b[0m\u001b[2m:48:53)\u001b[22m\u001b[2m\u001b[22m\n\u001b[2m      \u001b[2mat fulfilled (\u001b[22m\u001b[2m\u001b[0m\u001b[36m__tests__/BlogSlug.metadata.test.tsx\u001b[39m\u001b[0m\u001b[2m:39:58)\u001b[22m\u001b[2m\u001b[22m\n\n\u001b[1m\u001b[31m  \u001b[1m● \u001b[22m\u001b[1mblog/[slug] metadata and JSON-LD › generateMetadata uses default OG image when featuredImage is missing and env is set\u001b[39m\u001b[22m\n\n    \u001b[2mexpect(\u001b[22m\u001b[31mreceived\u001b[39m\u001b[2m).\u001b[22mtoContain\u001b[2m(\u001b[22m\u001b[32mexpected\u001b[39m\u001b[2m) // indexOf\u001b[22m\n\n    Expected value: \u001b[32m\"https://example.com/og-default.png\"\u001b[39m\n    Received array: \u001b[31m[]\u001b[39m\n\u001b[2m\u001b[22m\n\u001b[2m    \u001b[0m \u001b[90m 120 |\u001b[39m     \u001b[36mconst\u001b[39m md \u001b[33m=\u001b[39m \u001b[36mawait\u001b[39m mod\u001b[33m.\u001b[39mgenerateMetadata({ params\u001b[33m:\u001b[39m { slug\u001b[33m:\u001b[39m postNoImg\u001b[33m.\u001b[39mslug } })\u001b[33m;\u001b[39m\u001b[22m\n\u001b[2m     \u001b[90m 121 |\u001b[39m\u001b[22m\n\u001b[2m    \u001b[31m\u001b[1m>\u001b[22m\u001b[2m\u001b[39m\u001b[90m 122 |\u001b[39m     expect(ogImageUrls(md\u001b[33m.\u001b[39mopenGraph\u001b[33m?\u001b[39m\u001b[33m.\u001b[39mimages))\u001b[33m.\u001b[39mtoContain(\u001b[32m'https://example.com/og-default.png'\u001b[39m)\u001b[33m;\u001b[39m\u001b[22m\n\u001b[2m     \u001b[90m     |\u001b[39m                                               \u001b[31m\u001b[1m^\u001b[22m\u001b[2m\u001b[39m\u001b[22m\n\u001b[2m     \u001b[90m 123 |\u001b[39m     expect(twitterImageUrls(md\u001b[33m.\u001b[39mtwitter\u001b[33m?\u001b[39m\u001b[33m.\u001b[39mimages))\u001b[33m.\u001b[39mtoContain(\u001b[32m'https://example.com/og-default.png'\u001b[39m)\u001b[33m;\u001b[39m\u001b[22m\n\u001b[2m     \u001b[90m 124 |\u001b[39m   })\u001b[33m;\u001b[39m\u001b[22m\n\u001b[2m     \u001b[90m 125 |\u001b[39m\u001b[0m\u001b[22m\n\u001b[2m\u001b[22m\n\u001b[2m      \u001b[2mat \u001b[22m\u001b[2m\u001b[0m\u001b[36m__tests__/BlogSlug.metadata.test.tsx\u001b[39m\u001b[0m\u001b[2m:122:47\u001b[22m\u001b[2m\u001b[22m\n\u001b[2m      \u001b[2mat step (\u001b[22m\u001b[2m\u001b[0m\u001b[36m__tests__/BlogSlug.metadata.test.tsx\u001b[39m\u001b[0m\u001b[2m:67:23)\u001b[22m\u001b[2m\u001b[22m\n\u001b[2m      \u001b[2mat Object.next (\u001b[22m\u001b[2m\u001b[0m\u001b[36m__tests__/BlogSlug.metadata.test.tsx\u001b[39m\u001b[0m\u001b[2m:48:53)\u001b[22m\u001b[2m\u001b[22m\n\u001b[2m      \u001b[2mat fulfilled (\u001b[22m\u001b[2m\u001b[0m\u001b[36m__tests__/BlogSlug.metadata.test.tsx\u001b[39m\u001b[0m\u001b[2m:39:58)\u001b[22m\u001b[2m\u001b[22m\n\n\u001b[1m\u001b[31m  \u001b[1m● \u001b[22m\u001b[1mblog/[slug] metadata and JSON-LD › PostPage renders JSON-LD script\u001b[39m\u001b[22m\n\n    \u001b[2mexpect(\u001b[22m\u001b[31mreceived\u001b[39m\u001b[2m).toBeInTheDocument()\u001b[22m\n\n    \u001b[31mreceived\u001b[39m value must be an HTMLElement or an SVGElement.\n    Received has value: \u001b[31mnull\u001b[39m\n\u001b[2m\u001b[22m\n\u001b[2m    \u001b[0m \u001b[90m 153 |\u001b[39m\u001b[22m\n\u001b[2m     \u001b[90m 154 |\u001b[39m     \u001b[36mconst\u001b[39m script \u001b[33m=\u001b[39m container\u001b[33m.\u001b[39mquerySelector(\u001b[32m'#blog-post-jsonld'\u001b[39m)\u001b[33m;\u001b[39m\u001b[22m\n\u001b[2m    \u001b[31m\u001b[1m>\u001b[22m\u001b[2m\u001b[39m\u001b[90m 155 |\u001b[39m     expect(script)\u001b[33m.\u001b[39mtoBeInTheDocument()\u001b[33m;\u001b[39m\u001b[22m\n\u001b[2m     \u001b[90m     |\u001b[39m                    \u001b[31m\u001b[1m^\u001b[22m\u001b[2m\u001b[39m\u001b[22m\n\u001b[2m     \u001b[90m 156 |\u001b[39m     expect(script\u001b[33m?\u001b[39m\u001b[33m.\u001b[39mtextContent \u001b[33m||\u001b[39m \u001b[32m''\u001b[39m)\u001b[33m.\u001b[39mtoContain(\u001b[32m'BlogPosting'\u001b[39m)\u001b[33m;\u001b[39m\u001b[22m\n\u001b[2m     \u001b[90m 157 |\u001b[39m     expect(script\u001b[33m?\u001b[39m\u001b[33m.\u001b[39mtextContent \u001b[33m||\u001b[39m \u001b[32m''\u001b[39m)\u001b[33m.\u001b[39mtoContain(\u001b[32m'SEO Title'\u001b[39m)\u001b[33m;\u001b[39m\u001b[22m\n\u001b[2m     \u001b[90m 158 |\u001b[39m   })\u001b[33m;\u001b[39m\u001b[0m\u001b[22m\n\u001b[2m\u001b[22m\n\u001b[2m      \u001b[2mat __EXTERNAL_MATCHER_TRAP__ (\u001b[22m\u001b[2mnode_modules/expect/build/index.js\u001b[2m:325:30)\u001b[22m\u001b[2m\u001b[22m\n\u001b[2m      \u001b[2mat Object.throwingMatcher [as toBeInTheDocument] (\u001b[22m\u001b[2mnode_modules/expect/build/index.js\u001b[2m:326:15)\u001b[22m\u001b[2m\u001b[22m\n\u001b[2m      \u001b[2mat \u001b[22m\u001b[2m\u001b[0m\u001b[36m__tests__/BlogSlug.metadata.test.tsx\u001b[39m\u001b[0m\u001b[2m:155:20\u001b[22m\u001b[2m\u001b[22m\n\u001b[2m      \u001b[2mat step (\u001b[22m\u001b[2m\u001b[0m\u001b[36m__tests__/BlogSlug.metadata.test.tsx\u001b[39m\u001b[0m\u001b[2m:67:23)\u001b[22m\u001b[2m\u001b[22m\n\u001b[2m      \u001b[2mat Object.next (\u001b[22m\u001b[2m\u001b[0m\u001b[36m__tests__/BlogSlug.metadata.test.tsx\u001b[39m\u001b[0m\u001b[2m:48:53)\u001b[22m\u001b[2m\u001b[22m\n\u001b[2m      \u001b[2mat fulfilled (\u001b[22m\u001b[2m\u001b[0m\u001b[36m__tests__/BlogSlug.metadata.test.tsx\u001b[39m\u001b[0m\u001b[2m:39:58)\u001b[22m\u001b[2m\u001b[22m\n","name":"C:\\projects\\windsurf\\blog\\__tests__\\BlogSlug.metadata.test.tsx","startTime":1754747231788,"status":"failed","summary":""}],"wasInterrupted":false}
